{"/Users/ricardo/WebstormProjects/jest-demo01/counter.js": {"path":"/Users/ricardo/WebstormProjects/jest-demo01/counter.js","statementMap":{"0":{"start":{"line":1,"column":0},"end":{"line":1,"column":30}},"1":{"start":{"line":2,"column":0},"end":{"line":2,"column":19}},"2":{"start":{"line":3,"column":0},"end":{"line":3,"column":23}},"3":{"start":{"line":4,"column":0},"end":{"line":4,"column":5}},"4":{"start":{"line":5,"column":0},"end":{"line":5,"column":0}},"5":{"start":{"line":6,"column":0},"end":{"line":6,"column":14}},"6":{"start":{"line":7,"column":0},"end":{"line":7,"column":24}},"7":{"start":{"line":8,"column":0},"end":{"line":8,"column":5}},"8":{"start":{"line":9,"column":0},"end":{"line":9,"column":0}},"9":{"start":{"line":10,"column":0},"end":{"line":10,"column":16}},"10":{"start":{"line":11,"column":0},"end":{"line":11,"column":23}},"11":{"start":{"line":12,"column":0},"end":{"line":12,"column":5}},"12":{"start":{"line":13,"column":0},"end":{"line":13,"column":1}}},"s":{"0":1,"1":1,"2":2,"3":2,"4":1,"5":1,"6":1,"7":1,"8":1,"9":1,"10":1,"11":1,"12":1},"branchMap":{"0":{"type":"branch","line":13,"loc":{"start":{"line":13,"column":1},"end":{"line":13,"column":1}},"locations":[{"start":{"line":13,"column":1},"end":{"line":13,"column":1}}]},"1":{"type":"branch","line":2,"loc":{"start":{"line":2,"column":4},"end":{"line":4,"column":5}},"locations":[{"start":{"line":2,"column":4},"end":{"line":4,"column":5}}]},"2":{"type":"branch","line":6,"loc":{"start":{"line":6,"column":4},"end":{"line":8,"column":5}},"locations":[{"start":{"line":6,"column":4},"end":{"line":8,"column":5}}]},"3":{"type":"branch","line":10,"loc":{"start":{"line":10,"column":4},"end":{"line":12,"column":5}},"locations":[{"start":{"line":10,"column":4},"end":{"line":12,"column":5}}]}},"b":{"0":[1],"1":[2],"2":[1],"3":[1]},"fnMap":{"0":{"name":"Counter","decl":{"start":{"line":2,"column":4},"end":{"line":4,"column":5}},"loc":{"start":{"line":2,"column":4},"end":{"line":4,"column":5}},"line":2},"1":{"name":"addOne","decl":{"start":{"line":6,"column":4},"end":{"line":8,"column":5}},"loc":{"start":{"line":6,"column":4},"end":{"line":8,"column":5}},"line":6},"2":{"name":"minusOne","decl":{"start":{"line":10,"column":4},"end":{"line":12,"column":5}},"loc":{"start":{"line":10,"column":4},"end":{"line":12,"column":5}},"line":10}},"f":{"0":2,"1":1,"2":1}}
,"/Users/ricardo/WebstormProjects/jest-demo01/demo.js": {"path":"/Users/ricardo/WebstormProjects/jest-demo01/demo.js","statementMap":{"0":{"start":{"line":1,"column":0},"end":{"line":1,"column":25}},"1":{"start":{"line":2,"column":0},"end":{"line":2,"column":0}},"2":{"start":{"line":3,"column":0},"end":{"line":3,"column":32}},"3":{"start":{"line":4,"column":0},"end":{"line":4,"column":67}},"4":{"start":{"line":5,"column":0},"end":{"line":5,"column":1}},"5":{"start":{"line":6,"column":0},"end":{"line":6,"column":0}},"6":{"start":{"line":7,"column":0},"end":{"line":7,"column":42}},"7":{"start":{"line":8,"column":0},"end":{"line":8,"column":15}},"8":{"start":{"line":9,"column":0},"end":{"line":9,"column":1}},"9":{"start":{"line":10,"column":0},"end":{"line":10,"column":0}},"10":{"start":{"line":11,"column":0},"end":{"line":11,"column":37}},"11":{"start":{"line":12,"column":0},"end":{"line":12,"column":14}},"12":{"start":{"line":13,"column":0},"end":{"line":13,"column":1}}},"s":{"0":1,"1":1,"2":1,"3":1,"4":1,"5":1,"6":1,"7":1,"8":1,"9":1,"10":1,"11":1,"12":1},"branchMap":{"0":{"type":"branch","line":13,"loc":{"start":{"line":13,"column":1},"end":{"line":13,"column":1}},"locations":[{"start":{"line":13,"column":1},"end":{"line":13,"column":1}}]},"1":{"type":"branch","line":13,"loc":{"start":{"line":13,"column":1},"end":{"line":13,"column":1}},"locations":[{"start":{"line":13,"column":1},"end":{"line":13,"column":1}}]},"2":{"type":"branch","line":13,"loc":{"start":{"line":13,"column":1},"end":{"line":13,"column":1}},"locations":[{"start":{"line":13,"column":1},"end":{"line":13,"column":1}}]},"3":{"type":"branch","line":3,"loc":{"start":{"line":3,"column":25},"end":{"line":3,"column":13}},"locations":[{"start":{"line":3,"column":25},"end":{"line":3,"column":13}}]},"4":{"type":"branch","line":7,"loc":{"start":{"line":7,"column":28},"end":{"line":7,"column":13}},"locations":[{"start":{"line":7,"column":28},"end":{"line":7,"column":13}}]},"5":{"type":"branch","line":11,"loc":{"start":{"line":11,"column":25},"end":{"line":11,"column":13}},"locations":[{"start":{"line":11,"column":25},"end":{"line":11,"column":13}}]}},"b":{"0":[1],"1":[1],"2":[0],"3":[1],"4":[2],"5":[1]},"fnMap":{"0":{"name":"_interopRequireDefault","decl":{"start":{"line":13,"column":1},"end":{"line":13,"column":1}},"loc":{"start":{"line":13,"column":1},"end":{"line":13,"column":1}},"line":13},"1":{"name":"fetchData","decl":{"start":{"line":3,"column":25},"end":{"line":3,"column":13}},"loc":{"start":{"line":3,"column":25},"end":{"line":3,"column":13}},"line":3},"2":{"name":"runCallback","decl":{"start":{"line":7,"column":28},"end":{"line":7,"column":13}},"loc":{"start":{"line":7,"column":28},"end":{"line":7,"column":13}},"line":7},"3":{"name":"newClass","decl":{"start":{"line":11,"column":25},"end":{"line":11,"column":13}},"loc":{"start":{"line":11,"column":25},"end":{"line":11,"column":13}},"line":11}},"f":{"0":1,"1":1,"2":2,"3":1}}
,"/Users/ricardo/WebstormProjects/jest-demo01/fetchData.js": {"path":"/Users/ricardo/WebstormProjects/jest-demo01/fetchData.js","statementMap":{"0":{"start":{"line":1,"column":0},"end":{"line":1,"column":25}},"1":{"start":{"line":2,"column":0},"end":{"line":2,"column":0}},"2":{"start":{"line":3,"column":0},"end":{"line":3,"column":34}},"3":{"start":{"line":4,"column":0},"end":{"line":4,"column":74}},"4":{"start":{"line":5,"column":0},"end":{"line":5,"column":20}},"5":{"start":{"line":6,"column":0},"end":{"line":6,"column":6}},"6":{"start":{"line":7,"column":0},"end":{"line":7,"column":1}},"7":{"start":{"line":8,"column":0},"end":{"line":8,"column":0}},"8":{"start":{"line":9,"column":0},"end":{"line":9,"column":33}},"9":{"start":{"line":10,"column":0},"end":{"line":10,"column":67}},"10":{"start":{"line":11,"column":0},"end":{"line":11,"column":1}},"11":{"start":{"line":12,"column":0},"end":{"line":12,"column":0}},"12":{"start":{"line":13,"column":0},"end":{"line":13,"column":33}},"13":{"start":{"line":14,"column":0},"end":{"line":14,"column":68}},"14":{"start":{"line":15,"column":0},"end":{"line":15,"column":1}},"15":{"start":{"line":16,"column":0},"end":{"line":16,"column":0}},"16":{"start":{"line":17,"column":0},"end":{"line":17,"column":33}},"17":{"start":{"line":18,"column":0},"end":{"line":18,"column":67}},"18":{"start":{"line":19,"column":0},"end":{"line":19,"column":1}},"19":{"start":{"line":20,"column":0},"end":{"line":20,"column":0}},"20":{"start":{"line":21,"column":0},"end":{"line":21,"column":33}},"21":{"start":{"line":22,"column":0},"end":{"line":22,"column":68}},"22":{"start":{"line":23,"column":0},"end":{"line":23,"column":1}}},"s":{"0":1,"1":1,"2":1,"3":1,"4":1,"5":1,"6":1,"7":1,"8":1,"9":1,"10":1,"11":1,"12":1,"13":1,"14":1,"15":1,"16":1,"17":1,"18":1,"19":1,"20":1,"21":1,"22":1},"branchMap":{"0":{"type":"branch","line":23,"loc":{"start":{"line":23,"column":1},"end":{"line":23,"column":1}},"locations":[{"start":{"line":23,"column":1},"end":{"line":23,"column":1}}]},"1":{"type":"branch","line":23,"loc":{"start":{"line":23,"column":1},"end":{"line":23,"column":1}},"locations":[{"start":{"line":23,"column":1},"end":{"line":23,"column":1}}]},"2":{"type":"branch","line":23,"loc":{"start":{"line":23,"column":1},"end":{"line":23,"column":1}},"locations":[{"start":{"line":23,"column":1},"end":{"line":23,"column":1}}]},"3":{"type":"branch","line":3,"loc":{"start":{"line":3,"column":26},"end":{"line":3,"column":13}},"locations":[{"start":{"line":3,"column":26},"end":{"line":3,"column":13}}]},"4":{"type":"branch","line":4,"loc":{"start":{"line":4,"column":66},"end":{"line":6,"column":6}},"locations":[{"start":{"line":4,"column":66},"end":{"line":6,"column":6}}]},"5":{"type":"branch","line":9,"loc":{"start":{"line":9,"column":26},"end":{"line":9,"column":13}},"locations":[{"start":{"line":9,"column":26},"end":{"line":9,"column":13}}]},"6":{"type":"branch","line":13,"loc":{"start":{"line":13,"column":26},"end":{"line":13,"column":13}},"locations":[{"start":{"line":13,"column":26},"end":{"line":13,"column":13}}]},"7":{"type":"branch","line":17,"loc":{"start":{"line":17,"column":26},"end":{"line":17,"column":13}},"locations":[{"start":{"line":17,"column":26},"end":{"line":17,"column":13}}]},"8":{"type":"branch","line":21,"loc":{"start":{"line":21,"column":26},"end":{"line":21,"column":13}},"locations":[{"start":{"line":21,"column":26},"end":{"line":21,"column":13}}]}},"b":{"0":[1],"1":[1],"2":[0],"3":[1],"4":[1],"5":[1],"6":[1],"7":[1],"8":[1]},"fnMap":{"0":{"name":"_interopRequireDefault","decl":{"start":{"line":23,"column":1},"end":{"line":23,"column":1}},"loc":{"start":{"line":23,"column":1},"end":{"line":23,"column":1}},"line":23},"1":{"name":"fetchData","decl":{"start":{"line":3,"column":26},"end":{"line":3,"column":13}},"loc":{"start":{"line":3,"column":26},"end":{"line":3,"column":13}},"line":3},"2":{"name":"fetchData2","decl":{"start":{"line":9,"column":26},"end":{"line":9,"column":13}},"loc":{"start":{"line":9,"column":26},"end":{"line":9,"column":13}},"line":9},"3":{"name":"fetchData3","decl":{"start":{"line":13,"column":26},"end":{"line":13,"column":13}},"loc":{"start":{"line":13,"column":26},"end":{"line":13,"column":13}},"line":13},"4":{"name":"fetchData4","decl":{"start":{"line":17,"column":26},"end":{"line":17,"column":13}},"loc":{"start":{"line":17,"column":26},"end":{"line":17,"column":13}},"line":17},"5":{"name":"fetchData5","decl":{"start":{"line":21,"column":26},"end":{"line":21,"column":13}},"loc":{"start":{"line":21,"column":26},"end":{"line":21,"column":13}},"line":21}},"f":{"0":1,"1":1,"2":1,"3":1,"4":1,"5":1}}
,"/Users/ricardo/WebstormProjects/jest-demo01/math.js": {"path":"/Users/ricardo/WebstormProjects/jest-demo01/math.js","statementMap":{"0":{"start":{"line":1,"column":0},"end":{"line":1,"column":27}},"1":{"start":{"line":2,"column":0},"end":{"line":2,"column":16}},"2":{"start":{"line":3,"column":0},"end":{"line":3,"column":1}},"3":{"start":{"line":4,"column":0},"end":{"line":4,"column":0}},"4":{"start":{"line":5,"column":0},"end":{"line":5,"column":29}},"5":{"start":{"line":6,"column":0},"end":{"line":6,"column":16}},"6":{"start":{"line":7,"column":0},"end":{"line":7,"column":1}},"7":{"start":{"line":8,"column":0},"end":{"line":8,"column":0}},"8":{"start":{"line":9,"column":0},"end":{"line":9,"column":29}},"9":{"start":{"line":10,"column":0},"end":{"line":10,"column":16}},"10":{"start":{"line":11,"column":0},"end":{"line":11,"column":1}}},"s":{"0":1,"1":1,"2":1,"3":1,"4":1,"5":1,"6":1,"7":1,"8":1,"9":1,"10":1},"branchMap":{"0":{"type":"branch","line":11,"loc":{"start":{"line":11,"column":1},"end":{"line":11,"column":1}},"locations":[{"start":{"line":11,"column":1},"end":{"line":11,"column":1}}]},"1":{"type":"branch","line":1,"loc":{"start":{"line":1,"column":7},"end":{"line":3,"column":1}},"locations":[{"start":{"line":1,"column":7},"end":{"line":3,"column":1}}]},"2":{"type":"branch","line":5,"loc":{"start":{"line":5,"column":7},"end":{"line":7,"column":1}},"locations":[{"start":{"line":5,"column":7},"end":{"line":7,"column":1}}]},"3":{"type":"branch","line":9,"loc":{"start":{"line":9,"column":7},"end":{"line":11,"column":1}},"locations":[{"start":{"line":9,"column":7},"end":{"line":11,"column":1}}]}},"b":{"0":[1],"1":[1],"2":[1],"3":[1]},"fnMap":{"0":{"name":"add","decl":{"start":{"line":1,"column":7},"end":{"line":3,"column":1}},"loc":{"start":{"line":1,"column":7},"end":{"line":3,"column":1}},"line":1},"1":{"name":"minus","decl":{"start":{"line":5,"column":7},"end":{"line":7,"column":1}},"loc":{"start":{"line":5,"column":7},"end":{"line":7,"column":1}},"line":5},"2":{"name":"multi","decl":{"start":{"line":9,"column":7},"end":{"line":11,"column":1}},"loc":{"start":{"line":9,"column":7},"end":{"line":11,"column":1}},"line":9}},"f":{"0":1,"1":1,"2":1}}
}
