TN:
SF:counter.js
FN:2,Counter
FN:6,addOne
FN:10,minusOne
FNF:3
FNH:3
FNDA:2,Counter
FNDA:1,addOne
FNDA:1,minusOne
DA:1,1
DA:2,1
DA:3,2
DA:4,2
DA:5,1
DA:6,1
DA:7,1
DA:8,1
DA:9,1
DA:10,1
DA:11,1
DA:12,1
DA:13,1
LF:13
LH:13
BRDA:13,0,0,1
BRDA:2,1,0,2
BRDA:6,2,0,1
BRDA:10,3,0,1
BRF:4
BRH:4
end_of_record
TN:
SF:demo.js
FN:13,_interopRequireDefault
FN:3,fetchData
FN:7,runCallback
FN:11,newClass
FNF:4
FNH:4
FNDA:1,_interopRequireDefault
FNDA:1,fetchData
FNDA:2,runCallback
FNDA:1,newClass
DA:1,1
DA:2,1
DA:3,1
DA:4,1
DA:5,1
DA:6,1
DA:7,1
DA:8,1
DA:9,1
DA:10,1
DA:11,1
DA:12,1
DA:13,1
LF:13
LH:13
BRDA:13,0,0,1
BRDA:13,1,0,1
BRDA:13,2,0,0
BRDA:3,3,0,1
BRDA:7,4,0,2
BRDA:11,5,0,1
BRF:6
BRH:5
end_of_record
TN:
SF:fetchData.js
FN:23,_interopRequireDefault
FN:3,fetchData
FN:9,fetchData2
FN:13,fetchData3
FN:17,fetchData4
FN:21,fetchData5
FNF:6
FNH:6
FNDA:1,_interopRequireDefault
FNDA:1,fetchData
FNDA:1,fetchData2
FNDA:1,fetchData3
FNDA:1,fetchData4
FNDA:1,fetchData5
DA:1,1
DA:2,1
DA:3,1
DA:4,1
DA:5,1
DA:6,1
DA:7,1
DA:8,1
DA:9,1
DA:10,1
DA:11,1
DA:12,1
DA:13,1
DA:14,1
DA:15,1
DA:16,1
DA:17,1
DA:18,1
DA:19,1
DA:20,1
DA:21,1
DA:22,1
DA:23,1
LF:23
LH:23
BRDA:23,0,0,1
BRDA:23,1,0,1
BRDA:23,2,0,0
BRDA:3,3,0,1
BRDA:4,4,0,1
BRDA:9,5,0,1
BRDA:13,6,0,1
BRDA:17,7,0,1
BRDA:21,8,0,1
BRF:9
BRH:8
end_of_record
TN:
SF:math.js
FN:1,add
FN:5,minus
FN:9,multi
FNF:3
FNH:3
FNDA:1,add
FNDA:1,minus
FNDA:1,multi
DA:1,1
DA:2,1
DA:3,1
DA:4,1
DA:5,1
DA:6,1
DA:7,1
DA:8,1
DA:9,1
DA:10,1
DA:11,1
LF:11
LH:11
BRDA:11,0,0,1
BRDA:1,1,0,1
BRDA:5,2,0,1
BRDA:9,3,0,1
BRF:4
BRH:4
end_of_record
